<?xml version="1.0" encoding="UTF-8"?>
<coverage generated="1581864557827" clover="3.2.0">
  <project timestamp="1581864557827" name="All files">
    <metrics statements="47" coveredstatements="45" conditionals="24" coveredconditionals="21" methods="15" coveredmethods="14" elements="86" coveredelements="80" complexity="0" loc="47" ncloc="47" packages="4" files="5" classes="5"/>
    <package name="components.Card">
      <metrics statements="22" coveredstatements="21" conditionals="12" coveredconditionals="10" methods="8" coveredmethods="7"/>
      <file name="index.js" path="/var/www/html/Challenges/goomer-challenge/src/components/Card/index.js">
        <metrics statements="22" coveredstatements="21" conditionals="12" coveredconditionals="10" methods="8" coveredmethods="7"/>
        <line num="9" count="4" type="stmt"/>
        <line num="11" count="4" type="stmt"/>
        <line num="12" count="3" type="stmt"/>
        <line num="15" count="4" type="stmt"/>
        <line num="17" count="3" type="stmt"/>
        <line num="19" count="3" type="stmt"/>
        <line num="20" count="0" type="cond" truecount="0" falsecount="2"/>
        <line num="25" count="3" type="cond" truecount="2" falsecount="0"/>
        <line num="26" count="3" type="stmt"/>
        <line num="29" count="4" type="stmt"/>
        <line num="30" count="4" type="cond" truecount="2" falsecount="0"/>
        <line num="31" count="3" type="cond" truecount="2" falsecount="0"/>
        <line num="34" count="1" type="stmt"/>
        <line num="37" count="4" type="stmt"/>
        <line num="38" count="7" type="stmt"/>
        <line num="39" count="7" type="stmt"/>
        <line num="41" count="7" type="stmt"/>
        <line num="43" count="7" type="stmt"/>
        <line num="46" count="4" type="stmt"/>
        <line num="60" count="7" type="stmt"/>
        <line num="78" count="1" type="stmt"/>
        <line num="82" count="1" type="stmt"/>
      </file>
    </package>
    <package name="functions">
      <metrics statements="0" coveredstatements="0" conditionals="0" coveredconditionals="0" methods="0" coveredmethods="0"/>
      <file name="index.js" path="/var/www/html/Challenges/goomer-challenge/src/functions/index.js">
        <metrics statements="0" coveredstatements="0" conditionals="0" coveredconditionals="0" methods="0" coveredmethods="0"/>
      </file>
    </package>
    <package name="functions.getDayOfTheWeek">
      <metrics statements="0" coveredstatements="0" conditionals="0" coveredconditionals="0" methods="0" coveredmethods="0"/>
      <file name="index.js" path="/var/www/html/Challenges/goomer-challenge/src/functions/getDayOfTheWeek/index.js">
        <metrics statements="0" coveredstatements="0" conditionals="0" coveredconditionals="0" methods="0" coveredmethods="0"/>
      </file>
    </package>
    <package name="functions.isRestaurantOpen">
      <metrics statements="25" coveredstatements="24" conditionals="12" coveredconditionals="11" methods="7" coveredmethods="7"/>
      <file name="index.js" path="/var/www/html/Challenges/goomer-challenge/src/functions/isRestaurantOpen/index.js">
        <metrics statements="23" coveredstatements="22" conditionals="12" coveredconditionals="11" methods="7" coveredmethods="7"/>
        <line num="12" count="22" type="stmt"/>
        <line num="16" count="8" type="stmt"/>
        <line num="20" count="18" type="stmt"/>
        <line num="24" count="8" type="stmt"/>
        <line num="25" count="8" type="stmt"/>
        <line num="26" count="8" type="stmt"/>
        <line num="27" count="8" type="stmt"/>
        <line num="28" count="8" type="stmt"/>
        <line num="30" count="8" type="stmt"/>
        <line num="34" count="4" type="stmt"/>
        <line num="36" count="10" type="stmt"/>
        <line num="38" count="38" type="stmt"/>
        <line num="40" count="10" type="cond" truecount="2" falsecount="0"/>
        <line num="41" count="6" type="stmt"/>
        <line num="44" count="4" type="stmt"/>
        <line num="46" count="4" type="stmt"/>
        <line num="52" count="4" type="cond" truecount="2" falsecount="0"/>
        <line num="56" count="2" type="stmt"/>
        <line num="64" count="2" type="stmt"/>
        <line num="69" count="2" type="stmt"/>
        <line num="70" count="2" type="cond" truecount="1" falsecount="1"/>
        <line num="74" count="0" type="stmt"/>
        <line num="86" count="4" type="cond" truecount="2" falsecount="0"/>
      </file>
      <file name="mock.js" path="/var/www/html/Challenges/goomer-challenge/src/functions/isRestaurantOpen/mock.js">
        <metrics statements="2" coveredstatements="2" conditionals="0" coveredconditionals="0" methods="0" coveredmethods="0"/>
        <line num="1" count="1" type="stmt"/>
        <line num="19" count="1" type="stmt"/>
      </file>
    </package>
  </project>
</coverage>
