<?xml version="1.0" encoding="UTF-8"?>
<coverage generated="1581912432909" clover="3.2.0">
  <project timestamp="1581912432909" name="All files">
    <metrics statements="34" coveredstatements="32" conditionals="15" coveredconditionals="12" methods="9" coveredmethods="9" elements="58" coveredelements="53" complexity="0" loc="34" ncloc="34" packages="4" files="5" classes="5"/>
    <package name="components.Card">
      <metrics statements="2" coveredstatements="2" conditionals="0" coveredconditionals="0" methods="1" coveredmethods="1"/>
      <file name="index.js" path="/var/www/html/Challenges/goomer-challenge/src/components/Card/index.js">
        <metrics statements="2" coveredstatements="2" conditionals="0" coveredconditionals="0" methods="1" coveredmethods="1"/>
        <line num="7" count="4" type="stmt"/>
        <line num="14" count="1" type="stmt"/>
      </file>
    </package>
    <package name="functions">
      <metrics statements="0" coveredstatements="0" conditionals="0" coveredconditionals="0" methods="0" coveredmethods="0"/>
      <file name="index.js" path="/var/www/html/Challenges/goomer-challenge/src/functions/index.js">
        <metrics statements="0" coveredstatements="0" conditionals="0" coveredconditionals="0" methods="0" coveredmethods="0"/>
      </file>
    </package>
    <package name="functions.getDayOfTheWeek">
      <metrics statements="7" coveredstatements="6" conditionals="3" coveredconditionals="2" methods="1" coveredmethods="1"/>
      <file name="index.js" path="/var/www/html/Challenges/goomer-challenge/src/functions/getDayOfTheWeek/index.js">
        <metrics statements="7" coveredstatements="6" conditionals="3" coveredconditionals="2" methods="1" coveredmethods="1"/>
        <line num="2" count="8" type="stmt"/>
        <line num="3" count="8" type="stmt"/>
        <line num="5" count="8" type="stmt"/>
        <line num="6" count="8" type="stmt"/>
        <line num="16" count="8" type="cond" truecount="1" falsecount="1"/>
        <line num="17" count="0" type="stmt"/>
        <line num="22" count="8" type="stmt"/>
      </file>
    </package>
    <package name="functions.isRestaurantOpen">
      <metrics statements="25" coveredstatements="24" conditionals="12" coveredconditionals="10" methods="7" coveredmethods="7"/>
      <file name="index.js" path="/var/www/html/Challenges/goomer-challenge/src/functions/isRestaurantOpen/index.js">
        <metrics statements="23" coveredstatements="22" conditionals="12" coveredconditionals="10" methods="7" coveredmethods="7"/>
        <line num="12" count="36" type="stmt"/>
        <line num="16" count="12" type="stmt"/>
        <line num="20" count="22" type="stmt"/>
        <line num="24" count="12" type="stmt"/>
        <line num="25" count="12" type="stmt"/>
        <line num="26" count="12" type="stmt"/>
        <line num="27" count="12" type="stmt"/>
        <line num="28" count="12" type="stmt"/>
        <line num="30" count="12" type="stmt"/>
        <line num="34" count="4" type="stmt"/>
        <line num="36" count="10" type="stmt"/>
        <line num="38" count="38" type="stmt"/>
        <line num="40" count="10" type="cond" truecount="2" falsecount="0"/>
        <line num="41" count="4" type="stmt"/>
        <line num="44" count="6" type="stmt"/>
        <line num="46" count="6" type="stmt"/>
        <line num="52" count="6" type="cond" truecount="1" falsecount="1"/>
        <line num="56" count="0" type="stmt"/>
        <line num="64" count="6" type="stmt"/>
        <line num="69" count="6" type="stmt"/>
        <line num="70" count="6" type="cond" truecount="2" falsecount="0"/>
        <line num="74" count="2" type="stmt"/>
        <line num="86" count="6" type="cond" truecount="2" falsecount="0"/>
      </file>
      <file name="mock.js" path="/var/www/html/Challenges/goomer-challenge/src/functions/isRestaurantOpen/mock.js">
        <metrics statements="2" coveredstatements="2" conditionals="0" coveredconditionals="0" methods="0" coveredmethods="0"/>
        <line num="1" count="1" type="stmt"/>
        <line num="19" count="1" type="stmt"/>
      </file>
    </package>
  </project>
</coverage>
