{"/var/www/html/Challenges/goomer-challenge/src/components/Card/index.js": {"path":"/var/www/html/Challenges/goomer-challenge/src/components/Card/index.js","statementMap":{"0":{"start":{"line":9,"column":30},"end":{"line":9,"column":45}},"1":{"start":{"line":11,"column":22},"end":{"line":13,"column":13}},"2":{"start":{"line":12,"column":4},"end":{"line":12,"column":24}},"3":{"start":{"line":15,"column":2},"end":{"line":27,"column":27}},"4":{"start":{"line":17,"column":37},"end":{"line":17,"column":41}},"5":{"start":{"line":19,"column":6},"end":{"line":22,"column":8}},"6":{"start":{"line":20,"column":14},"end":{"line":20,"column":74}},"7":{"start":{"line":25,"column":4},"end":{"line":25,"column":65}},"8":{"start":{"line":26,"column":4},"end":{"line":26,"column":19}},"9":{"start":{"line":29,"column":23},"end":{"line":35,"column":27}},"10":{"start":{"line":30,"column":4},"end":{"line":32,"column":5}},"11":{"start":{"line":31,"column":6},"end":{"line":31,"column":49}},"12":{"start":{"line":34,"column":4},"end":{"line":34,"column":21}},"13":{"start":{"line":37,"column":26},"end":{"line":44,"column":8}},"14":{"start":{"line":38,"column":21},"end":{"line":38,"column":28}},"15":{"start":{"line":39,"column":20},"end":{"line":39,"column":41}},"16":{"start":{"line":41,"column":26},"end":{"line":41,"column":75}},"17":{"start":{"line":43,"column":4},"end":{"line":43,"column":76}},"18":{"start":{"line":46,"column":2},"end":{"line":75,"column":4}},"19":{"start":{"line":60,"column":16},"end":{"line":64,"column":20}},"20":{"start":{"line":78,"column":0},"end":{"line":80,"column":2}},"21":{"start":{"line":82,"column":0},"end":{"line":94,"column":2}}},"fnMap":{"0":{"name":"Card","decl":{"start":{"line":8,"column":24},"end":{"line":8,"column":28}},"loc":{"start":{"line":8,"column":66},"end":{"line":76,"column":1}},"line":8},"1":{"name":"(anonymous_1)","decl":{"start":{"line":11,"column":30},"end":{"line":11,"column":31}},"loc":{"start":{"line":11,"column":36},"end":{"line":13,"column":3}},"line":11},"2":{"name":"(anonymous_2)","decl":{"start":{"line":15,"column":12},"end":{"line":15,"column":13}},"loc":{"start":{"line":15,"column":18},"end":{"line":27,"column":3}},"line":15},"3":{"name":"handleIsOpen","decl":{"start":{"line":16,"column":13},"end":{"line":16,"column":25}},"loc":{"start":{"line":16,"column":28},"end":{"line":23,"column":5}},"line":16},"4":{"name":"(anonymous_4)","decl":{"start":{"line":20,"column":8},"end":{"line":20,"column":9}},"loc":{"start":{"line":20,"column":14},"end":{"line":20,"column":74}},"line":20},"5":{"name":"(anonymous_5)","decl":{"start":{"line":29,"column":31},"end":{"line":29,"column":32}},"loc":{"start":{"line":29,"column":37},"end":{"line":35,"column":3}},"line":29},"6":{"name":"(anonymous_6)","decl":{"start":{"line":37,"column":38},"end":{"line":37,"column":39}},"loc":{"start":{"line":37,"column":46},"end":{"line":44,"column":3}},"line":37},"7":{"name":"(anonymous_7)","decl":{"start":{"line":59,"column":25},"end":{"line":59,"column":26}},"loc":{"start":{"line":60,"column":16},"end":{"line":64,"column":20}},"line":60}},"branchMap":{"0":{"loc":{"start":{"line":20,"column":24},"end":{"line":20,"column":73}},"type":"cond-expr","locations":[{"start":{"line":20,"column":42},"end":{"line":20,"column":65}},{"start":{"line":20,"column":68},"end":{"line":20,"column":73}}],"line":20},"1":{"loc":{"start":{"line":25,"column":14},"end":{"line":25,"column":63}},"type":"cond-expr","locations":[{"start":{"line":25,"column":32},"end":{"line":25,"column":55}},{"start":{"line":25,"column":58},"end":{"line":25,"column":63}}],"line":25},"2":{"loc":{"start":{"line":30,"column":4},"end":{"line":32,"column":5}},"type":"if","locations":[{"start":{"line":30,"column":4},"end":{"line":32,"column":5}},{"start":{"line":30,"column":4},"end":{"line":32,"column":5}}],"line":30},"3":{"loc":{"start":{"line":31,"column":13},"end":{"line":31,"column":48}},"type":"cond-expr","locations":[{"start":{"line":31,"column":22},"end":{"line":31,"column":36}},{"start":{"line":31,"column":39},"end":{"line":31,"column":48}}],"line":31},"4":{"loc":{"start":{"line":54,"column":9},"end":{"line":68,"column":9}},"type":"binary-expr","locations":[{"start":{"line":54,"column":9},"end":{"line":54,"column":24}},{"start":{"line":55,"column":10},"end":{"line":67,"column":16}}],"line":54},"5":{"loc":{"start":{"line":61,"column":22},"end":{"line":61,"column":67}},"type":"binary-expr","locations":[{"start":{"line":61,"column":22},"end":{"line":61,"column":37}},{"start":{"line":61,"column":41},"end":{"line":61,"column":67}}],"line":61}},"s":{"0":4,"1":4,"2":3,"3":4,"4":3,"5":3,"6":0,"7":3,"8":3,"9":4,"10":4,"11":3,"12":1,"13":4,"14":7,"15":7,"16":7,"17":7,"18":4,"19":7,"20":1,"21":1},"f":{"0":4,"1":3,"2":3,"3":3,"4":0,"5":4,"6":7,"7":7},"b":{"0":[0,0],"1":[2,1],"2":[3,1],"3":[1,2],"4":[4,3],"5":[7,7]},"_coverageSchema":"43e27e138ebf9cfc5966b082cf9a028302ed4184","hash":"d4f7fa9a9aa808d229848892af11a6b96dede166"}
,"/var/www/html/Challenges/goomer-challenge/src/functions/index.js": {"path":"/var/www/html/Challenges/goomer-challenge/src/functions/index.js","statementMap":{},"fnMap":{},"branchMap":{},"s":{},"f":{},"b":{},"_coverageSchema":"43e27e138ebf9cfc5966b082cf9a028302ed4184","hash":"b42255ddb88a1b973c5acf7f98ceefb89949815f"}
,"/var/www/html/Challenges/goomer-challenge/src/functions/getDayOfTheWeek/index.js": {"path":"/var/www/html/Challenges/goomer-challenge/src/functions/getDayOfTheWeek/index.js","statementMap":{},"fnMap":{},"branchMap":{},"s":{},"f":{},"b":{},"hash":"643489bea7ee3eff5454b28d1a6b8d704b29a236"}
,"/var/www/html/Challenges/goomer-challenge/src/functions/isRestaurantOpen/index.js": {"path":"/var/www/html/Challenges/goomer-challenge/src/functions/isRestaurantOpen/index.js","statementMap":{"0":{"start":{"line":12,"column":2},"end":{"line":12,"column":46}},"1":{"start":{"line":16,"column":2},"end":{"line":16,"column":46}},"2":{"start":{"line":20,"column":2},"end":{"line":20,"column":64}},"3":{"start":{"line":24,"column":18},"end":{"line":24,"column":28}},"4":{"start":{"line":25,"column":25},"end":{"line":25,"column":44}},"5":{"start":{"line":26,"column":25},"end":{"line":26,"column":49}},"6":{"start":{"line":27,"column":27},"end":{"line":27,"column":55}},"7":{"start":{"line":28,"column":31},"end":{"line":28,"column":75}},"8":{"start":{"line":30,"column":2},"end":{"line":30,"column":68}},"9":{"start":{"line":34,"column":2},"end":{"line":88,"column":4}},"10":{"start":{"line":36,"column":21},"end":{"line":36,"column":62}},"11":{"start":{"line":38,"column":26},"end":{"line":38,"column":65}},"12":{"start":{"line":38,"column":50},"end":{"line":38,"column":64}},"13":{"start":{"line":40,"column":6},"end":{"line":42,"column":7}},"14":{"start":{"line":41,"column":8},"end":{"line":41,"column":21}},"15":{"start":{"line":44,"column":18},"end":{"line":44,"column":28}},"16":{"start":{"line":46,"column":17},"end":{"line":49,"column":8}},"17":{"start":{"line":52,"column":6},"end":{"line":76,"column":7}},"18":{"start":{"line":56,"column":8},"end":{"line":62,"column":10}},"19":{"start":{"line":64,"column":8},"end":{"line":67,"column":11}},"20":{"start":{"line":69,"column":27},"end":{"line":69,"column":29}},"21":{"start":{"line":70,"column":8},"end":{"line":75,"column":9}},"22":{"start":{"line":74,"column":10},"end":{"line":74,"column":34}},"23":{"start":{"line":86,"column":6},"end":{"line":86,"column":53}}},"fnMap":{"0":{"name":"getStringHours","decl":{"start":{"line":11,"column":9},"end":{"line":11,"column":23}},"loc":{"start":{"line":11,"column":40},"end":{"line":13,"column":1}},"line":11},"1":{"name":"getStringMinutes","decl":{"start":{"line":15,"column":9},"end":{"line":15,"column":25}},"loc":{"start":{"line":15,"column":42},"end":{"line":17,"column":1}},"line":15},"2":{"name":"timezoneToBrazil","decl":{"start":{"line":19,"column":9},"end":{"line":19,"column":25}},"loc":{"start":{"line":19,"column":32},"end":{"line":21,"column":1}},"line":19},"3":{"name":"handleNewDate","decl":{"start":{"line":23,"column":9},"end":{"line":23,"column":22}},"loc":{"start":{"line":23,"column":43},"end":{"line":31,"column":1}},"line":23},"4":{"name":"isRestaurantOpen","decl":{"start":{"line":33,"column":24},"end":{"line":33,"column":40}},"loc":{"start":{"line":33,"column":52},"end":{"line":89,"column":1}},"line":33},"5":{"name":"(anonymous_5)","decl":{"start":{"line":35,"column":21},"end":{"line":35,"column":22}},"loc":{"start":{"line":35,"column":29},"end":{"line":87,"column":5}},"line":35},"6":{"name":"(anonymous_6)","decl":{"start":{"line":38,"column":43},"end":{"line":38,"column":44}},"loc":{"start":{"line":38,"column":50},"end":{"line":38,"column":64}},"line":38}},"branchMap":{"0":{"loc":{"start":{"line":40,"column":6},"end":{"line":42,"column":7}},"type":"if","locations":[{"start":{"line":40,"column":6},"end":{"line":42,"column":7}},{"start":{"line":40,"column":6},"end":{"line":42,"column":7}}],"line":40},"1":{"loc":{"start":{"line":52,"column":6},"end":{"line":76,"column":7}},"type":"if","locations":[{"start":{"line":52,"column":6},"end":{"line":76,"column":7}},{"start":{"line":52,"column":6},"end":{"line":76,"column":7}}],"line":52},"2":{"loc":{"start":{"line":53,"column":8},"end":{"line":54,"column":48}},"type":"binary-expr","locations":[{"start":{"line":53,"column":8},"end":{"line":53,"column":59}},{"start":{"line":54,"column":8},"end":{"line":54,"column":48}}],"line":53},"3":{"loc":{"start":{"line":70,"column":8},"end":{"line":75,"column":9}},"type":"if","locations":[{"start":{"line":70,"column":8},"end":{"line":75,"column":9}},{"start":{"line":70,"column":8},"end":{"line":75,"column":9}}],"line":70},"4":{"loc":{"start":{"line":71,"column":10},"end":{"line":72,"column":49}},"type":"binary-expr","locations":[{"start":{"line":71,"column":10},"end":{"line":71,"column":51}},{"start":{"line":72,"column":10},"end":{"line":72,"column":49}}],"line":71},"5":{"loc":{"start":{"line":86,"column":13},"end":{"line":86,"column":52}},"type":"binary-expr","locations":[{"start":{"line":86,"column":13},"end":{"line":86,"column":31}},{"start":{"line":86,"column":35},"end":{"line":86,"column":52}}],"line":86}},"s":{"0":22,"1":8,"2":18,"3":8,"4":8,"5":8,"6":8,"7":8,"8":8,"9":4,"10":10,"11":10,"12":38,"13":10,"14":6,"15":4,"16":4,"17":4,"18":2,"19":2,"20":2,"21":2,"22":0,"23":4},"f":{"0":22,"1":8,"2":18,"3":8,"4":4,"5":10,"6":38},"b":{"0":[6,4],"1":[2,2],"2":[4,2],"3":[0,2],"4":[2,2],"5":[4,2]},"_coverageSchema":"43e27e138ebf9cfc5966b082cf9a028302ed4184","hash":"dbb0e485397f570326caac9730768f21a5d1b6d7"}
,"/var/www/html/Challenges/goomer-challenge/src/functions/isRestaurantOpen/mock.js": {"path":"/var/www/html/Challenges/goomer-challenge/src/functions/isRestaurantOpen/mock.js","statementMap":{"0":{"start":{"line":1,"column":26},"end":{"line":17,"column":1}},"1":{"start":{"line":19,"column":27},"end":{"line":30,"column":1}}},"fnMap":{},"branchMap":{},"s":{"0":1,"1":1},"f":{},"b":{},"_coverageSchema":"43e27e138ebf9cfc5966b082cf9a028302ed4184","hash":"73c3cf95708f4cc622c15b53f85316b1028f8afe"}
}
