TN:
SF:/var/www/html/Challenges/goomer-challenge/src/components/Card/index.js
FN:8,Card
FN:11,(anonymous_1)
FN:15,(anonymous_2)
FN:16,handleIsOpen
FN:20,(anonymous_4)
FN:29,(anonymous_5)
FN:37,(anonymous_6)
FN:59,(anonymous_7)
FNF:8
FNH:7
FNDA:4,Card
FNDA:3,(anonymous_1)
FNDA:3,(anonymous_2)
FNDA:3,handleIsOpen
FNDA:0,(anonymous_4)
FNDA:4,(anonymous_5)
FNDA:7,(anonymous_6)
FNDA:7,(anonymous_7)
DA:9,4
DA:11,4
DA:12,3
DA:15,4
DA:17,3
DA:19,3
DA:20,0
DA:25,3
DA:26,3
DA:29,4
DA:30,4
DA:31,3
DA:34,1
DA:37,4
DA:38,7
DA:39,7
DA:41,7
DA:43,7
DA:46,4
DA:60,7
DA:78,1
DA:82,1
LF:22
LH:21
BRDA:20,0,0,0
BRDA:20,0,1,0
BRDA:25,1,0,2
BRDA:25,1,1,1
BRDA:30,2,0,3
BRDA:30,2,1,1
BRDA:31,3,0,1
BRDA:31,3,1,2
BRDA:54,4,0,4
BRDA:54,4,1,3
BRDA:61,5,0,7
BRDA:61,5,1,7
BRF:12
BRH:10
end_of_record
TN:
SF:/var/www/html/Challenges/goomer-challenge/src/functions/index.js
FNF:0
FNH:0
LF:0
LH:0
BRF:0
BRH:0
end_of_record
TN:
SF:/var/www/html/Challenges/goomer-challenge/src/functions/getDayOfTheWeek/index.js
FNF:0
FNH:0
LF:0
LH:0
BRF:0
BRH:0
end_of_record
TN:
SF:/var/www/html/Challenges/goomer-challenge/src/functions/isRestaurantOpen/index.js
FN:11,getStringHours
FN:15,getStringMinutes
FN:19,timezoneToBrazil
FN:23,handleNewDate
FN:33,isRestaurantOpen
FN:35,(anonymous_5)
FN:38,(anonymous_6)
FNF:7
FNH:7
FNDA:22,getStringHours
FNDA:8,getStringMinutes
FNDA:18,timezoneToBrazil
FNDA:8,handleNewDate
FNDA:4,isRestaurantOpen
FNDA:10,(anonymous_5)
FNDA:38,(anonymous_6)
DA:12,22
DA:16,8
DA:20,18
DA:24,8
DA:25,8
DA:26,8
DA:27,8
DA:28,8
DA:30,8
DA:34,4
DA:36,10
DA:38,38
DA:40,10
DA:41,6
DA:44,4
DA:46,4
DA:52,4
DA:56,2
DA:64,2
DA:69,2
DA:70,2
DA:74,0
DA:86,4
LF:23
LH:22
BRDA:40,0,0,6
BRDA:40,0,1,4
BRDA:52,1,0,2
BRDA:52,1,1,2
BRDA:53,2,0,4
BRDA:53,2,1,2
BRDA:70,3,0,0
BRDA:70,3,1,2
BRDA:71,4,0,2
BRDA:71,4,1,2
BRDA:86,5,0,4
BRDA:86,5,1,2
BRF:12
BRH:11
end_of_record
TN:
SF:/var/www/html/Challenges/goomer-challenge/src/functions/isRestaurantOpen/mock.js
FNF:0
FNH:0
DA:1,1
DA:19,1
LF:2
LH:2
BRF:0
BRH:0
end_of_record
