TN:
SF:/var/www/html/Challenges/goomer-challenge/src/components/Card/index.js
FN:6,Card
FNF:1
FNH:1
FNDA:4,Card
DA:7,4
DA:14,1
LF:2
LH:2
BRF:0
BRH:0
end_of_record
TN:
SF:/var/www/html/Challenges/goomer-challenge/src/functions/index.js
FNF:0
FNH:0
LF:0
LH:0
BRF:0
BRH:0
end_of_record
TN:
SF:/var/www/html/Challenges/goomer-challenge/src/functions/getDayOfTheWeek/index.js
FNF:0
FNH:0
LF:0
LH:0
BRF:0
BRH:0
end_of_record
TN:
SF:/var/www/html/Challenges/goomer-challenge/src/functions/isRestaurantOpen/index.js
FN:11,getStringHours
FN:15,getStringMinutes
FN:19,timezoneToBrazil
FN:23,handleNewDate
FN:33,isRestaurantOpen
FN:35,(anonymous_5)
FN:38,(anonymous_6)
FNF:7
FNH:7
FNDA:22,getStringHours
FNDA:8,getStringMinutes
FNDA:18,timezoneToBrazil
FNDA:8,handleNewDate
FNDA:4,isRestaurantOpen
FNDA:10,(anonymous_5)
FNDA:38,(anonymous_6)
DA:12,22
DA:16,8
DA:20,18
DA:24,8
DA:25,8
DA:26,8
DA:27,8
DA:28,8
DA:30,8
DA:34,4
DA:36,10
DA:38,38
DA:40,10
DA:41,6
DA:44,4
DA:46,4
DA:52,4
DA:56,2
DA:64,2
DA:69,2
DA:70,2
DA:74,0
DA:86,4
LF:23
LH:22
BRDA:40,0,0,6
BRDA:40,0,1,4
BRDA:52,1,0,2
BRDA:52,1,1,2
BRDA:53,2,0,4
BRDA:53,2,1,2
BRDA:70,3,0,0
BRDA:70,3,1,2
BRDA:71,4,0,2
BRDA:71,4,1,2
BRDA:86,5,0,4
BRDA:86,5,1,2
BRF:12
BRH:11
end_of_record
TN:
SF:/var/www/html/Challenges/goomer-challenge/src/functions/isRestaurantOpen/mock.js
FNF:0
FNH:0
DA:1,1
DA:19,1
LF:2
LH:2
BRF:0
BRH:0
end_of_record
